TN:
SF:/home/aleksandar/2023_Analysis_zephyr/zephyr/include/zephyr/sys/math_extras_impl.h
FN:61,u32_add_overflow
FN:70,u64_add_overflow
FN:79,size_add_overflow
FN:119,u32_mul_overflow
FN:128,u64_mul_overflow
FN:137,size_mul_overflow
FN:193,u32_count_leading_zeros
FN:211,u64_count_leading_zeros
FN:227,u32_count_trailing_zeros
FN:245,u64_count_trailing_zeros
FNDA:7,u32_add_overflow
FNDA:15,u32_count_trailing_zeros
FNDA:8,u64_count_trailing_zeros
FNDA:7,u64_add_overflow
FNDA:5,u32_mul_overflow
FNDA:7,size_add_overflow
FNDA:5,size_mul_overflow
FNDA:8,u64_count_leading_zeros
FNDA:13,u32_count_leading_zeros
FNDA:5,u64_mul_overflow
FNF:10
FNH:10
BRDA:125,0,0,5
BRDA:125,0,1,0
BRDA:125,0,2,2
BRDA:125,0,3,3
BRDA:134,0,0,5
BRDA:134,0,1,0
BRDA:134,0,2,2
BRDA:134,0,3,3
BRDA:143,0,0,5
BRDA:143,0,1,0
BRDA:143,0,2,2
BRDA:143,0,3,3
BRDA:197,0,0,185
BRDA:197,0,1,2
BRDA:197,0,2,174
BRDA:197,0,3,11
BRDA:213,0,0,5
BRDA:213,0,1,3
BRDA:231,0,0,207
BRDA:231,0,1,2
BRDA:231,0,2,194
BRDA:231,0,3,13
BRDA:247,0,0,6
BRDA:247,0,1,2
BRF:24
BRH:21
DA:61,7
DA:63,7
DA:65,7
DA:67,7
DA:70,7
DA:72,7
DA:74,7
DA:76,7
DA:79,7
DA:81,7
DA:83,7
DA:85,7
DA:119,5
DA:121,5
DA:123,5
DA:125,5
DA:128,5
DA:130,5
DA:132,5
DA:134,5
DA:137,5
DA:139,5
DA:141,5
DA:143,5
DA:193,13
DA:197,187
DA:198,174
DA:201,13
DA:211,8
DA:213,8
DA:214,5
DA:216,3
DA:227,15
DA:231,209
DA:232,194
DA:235,15
DA:245,8
DA:247,8
DA:248,6
DA:250,2
LF:40
LH:40
end_of_record
TN:
SF:/home/aleksandar/2023_Analysis_zephyr/zephyr/subsys/testsuite/include/zephyr/tc_util.h
FN:81,TC_RESULT_TO_STR
FNDA:21,TC_RESULT_TO_STR
FNF:1
FNH:1
BRDA:83,0,0,21
BRDA:83,0,1,0
BRDA:83,0,2,0
BRDA:83,0,3,0
BRF:4
BRH:1
DA:81,21
DA:83,21
DA:84,21
DA:85,21
DA:86,0
DA:87,0
DA:88,0
DA:89,0
DA:90,0
DA:91,0
LF:10
LH:4
end_of_record
TN:
SF:/home/aleksandar/2023_Analysis_zephyr/zephyr/subsys/testsuite/ztest/include/zephyr/ztest_assert.h
FN:75,z_zassert
FNDA:100,z_zassert
FNF:1
FNH:1
BRDA:78,0,0,0
BRDA:78,0,1,100
BRF:2
BRH:1
DA:75,100
DA:78,100
DA:81,0
DA:82,0
DA:84,0
DA:85,0
DA:86,0
DA:87,0
DA:88,0
DA:96,100
LF:10
LH:3
end_of_record
TN:
SF:/home/aleksandar/2023_Analysis_zephyr/zephyr/subsys/testsuite/ztest/include/zephyr/ztest_test_new.h
FN:246,ztest_run_test_suites
FNDA:1,ztest_run_test_suites
FNF:1
FNH:1
DA:246,1
DA:248,1
LF:2
LH:2
end_of_record
TN:
SF:/home/aleksandar/2023_Analysis_zephyr/zephyr/subsys/testsuite/ztest/src/ztest_defaults.c
FN:20,ztest_relative_filename
FN:30,z_ztest_run_all
FN:45,z_ztest_should_suite_run
FN:65,z_ztest_should_test_run
FNDA:1,z_ztest_should_suite_run
FNDA:10,z_ztest_should_test_run
FNDA:1,z_ztest_run_all
FNDA:0,ztest_relative_filename
FNF:4
FNH:3
BRDA:49,0,0,0
BRDA:49,0,1,1
BRF:2
BRH:1
DA:20,0
DA:22,0
DA:30,1
DA:32,1
DA:33,1
DA:45,1
DA:47,1
DA:49,1
DA:50,0
DA:53,1
DA:65,10
DA:67,10
LF:12
LH:9
end_of_record
TN:
SF:/home/aleksandar/2023_Analysis_zephyr/zephyr/subsys/testsuite/ztest/src/ztest_mock.c
FN:24,free_parameter
FN:29,alloc_parameter
FN:42,z_init_mock
FN:46,printk
FN:55,vprintk
FN:60,snprintk
FN:154,find_and_delete_value
FN:174,insert_value
FN:197,z_ztest_expect_value
FN:202,z_ztest_check_expected_value
FN:227,z_ztest_expect_data
FN:232,z_ztest_check_expected_data
FN:267,z_ztest_return_data
FN:272,z_ztest_copy_return_data
FN:296,z_ztest_returns_value
FN:301,z_ztest_get_return_value
FN:318,free_param_list
FN:329,z_cleanup_mock
FNDA:0,find_and_delete_value
FNDA:49,printk
FNDA:0,z_ztest_return_data
FNDA:0,z_ztest_copy_return_data
FNDA:10,z_cleanup_mock
FNDA:0,z_ztest_returns_value
FNDA:0,z_ztest_check_expected_value
FNDA:20,free_param_list
FNDA:0,z_ztest_expect_data
FNDA:0,z_ztest_check_expected_data
FNDA:1,z_init_mock
FNDA:0,insert_value
FNDA:0,vprintk
FNDA:0,z_ztest_expect_value
FNDA:0,snprintk
FNDA:0,z_ztest_get_return_value
FNDA:0,free_parameter
FNDA:0,alloc_parameter
FNF:18
FNH:4
BRDA:34,0,0,-
BRDA:34,0,1,-
BRDA:159,0,0,-
BRDA:159,0,1,-
BRDA:163,0,0,-
BRDA:163,0,1,-
BRDA:163,0,2,-
BRDA:163,0,3,-
BRDA:185,0,0,-
BRDA:185,0,1,-
BRDA:209,0,0,-
BRDA:209,0,1,-
BRDA:217,0,0,-
BRDA:217,0,1,-
BRDA:239,0,0,-
BRDA:239,0,1,-
BRDA:252,0,0,-
BRDA:252,0,1,-
BRDA:252,0,2,-
BRDA:252,0,3,-
BRDA:255,0,0,-
BRDA:255,0,1,-
BRDA:255,0,2,-
BRDA:255,0,3,-
BRDA:259,0,0,-
BRDA:259,0,1,-
BRDA:260,0,0,-
BRDA:260,0,1,-
BRDA:278,0,0,-
BRDA:278,0,1,-
BRDA:285,0,0,-
BRDA:285,0,1,-
BRDA:307,0,0,-
BRDA:307,0,1,-
BRDA:322,0,0,0
BRDA:322,0,1,20
BRDA:333,0,0,0
BRDA:333,0,1,10
BRDA:339,0,0,0
BRDA:339,0,1,10
BRF:40
BRH:3
DA:24,0
DA:26,0
DA:27,0
DA:29,0
DA:33,0
DA:34,0
DA:35,0
DA:36,0
DA:39,0
DA:42,1
DA:44,1
DA:46,49
DA:50,49
DA:51,49
DA:52,49
DA:53,49
DA:55,0
DA:57,0
DA:58,0
DA:60,0
DA:65,0
DA:66,0
DA:67,0
DA:69,0
DA:154,0
DA:159,0
DA:160,0
DA:163,0
DA:164,0
DA:167,0
DA:168,0
DA:169,0
DA:171,0
DA:174,0
DA:179,0
DA:180,0
DA:181,0
DA:182,0
DA:185,0
DA:186,0
DA:190,0
DA:191,0
DA:192,0
DA:197,0
DA:199,0
DA:200,0
DA:202,0
DA:208,0
DA:209,0
DA:210,0
DA:211,0
DA:214,0
DA:215,0
DA:217,0
DA:221,0
DA:223,0
DA:225,0
DA:227,0
DA:229,0
DA:230,0
DA:232,0
DA:238,0
DA:239,0
DA:240,0
DA:245,0
DA:246,0
DA:249,0
DA:250,0
DA:252,0
DA:253,0
DA:254,0
DA:255,0
DA:256,0
DA:258,0
DA:259,0
DA:260,0
DA:261,0
DA:262,0
DA:267,0
DA:269,0
DA:270,0
DA:272,0
DA:278,0
DA:279,0
DA:280,0
DA:281,0
DA:284,0
DA:285,0
DA:286,0
DA:287,0
DA:288,0
DA:290,0
DA:291,0
DA:292,0
DA:296,0
DA:298,0
DA:299,0
DA:301,0
DA:305,0
DA:307,0
DA:308,0
DA:309,0
DA:312,0
DA:313,0
DA:315,0
DA:318,20
DA:322,20
DA:323,0
DA:324,0
DA:325,0
DA:327,20
DA:329,10
DA:331,10
DA:333,10
DA:334,0
DA:335,0
DA:336,0
DA:337,0
DA:339,10
DA:340,0
DA:341,0
DA:342,0
DA:345,10
DA:346,10
DA:348,10
DA:349,10
DA:351,10
LF:127
LH:19
end_of_record
TN:
SF:/home/aleksandar/2023_Analysis_zephyr/zephyr/subsys/testsuite/ztest/src/ztest_new.c
FN:70,end_report
FN:80,cleanup_test
FN:210,run_test_rules
FN:222,run_test_functions
FN:239,get_final_test_result
FN:277,get_friendly_phase_name
FN:298,ztest_skip_failed_assumption
FN:327,ztest_test_fail
FN:346,ztest_test_pass
FN:356,ztest_test_skip
FN:370,ztest_test_expect_fail
FN:391,run_test
FN:640,ztest_find_test_suite
FN:653,z_ztest_get_next_test
FN:688,z_ztest_run_test_suite_ptr
FN:800,z_ztest_run_test_suite
FN:809,__ztest_init_unit_test_result_for_suite
FN:822,flush_log
FN:837,__ztest_show_suite_summary_oneline
FN:887,__ztest_show_suite_summary_verbose
FN:922,__ztest_show_suite_summary
FN:943,__ztest_run_test_suite
FN:964,z_impl_ztest_run_test_suites
FN:1005,ztest_verify_all_test_suites_ran
FN:1044,ztest_run_all
FN:1046,test_main
FN:1054,main
FNDA:1,end_report
FNDA:0,ztest_skip_failed_assumption
FNDA:1,ztest_run_all
FNDA:1,main
FNDA:20,run_test_rules
FNDA:44,z_ztest_get_next_test
FNDA:0,get_friendly_phase_name
FNDA:1,test_main
FNDA:1,__ztest_show_suite_summary_oneline
FNDA:1,z_ztest_run_test_suite_ptr
FNDA:0,ztest_test_expect_fail
FNDA:1,__ztest_run_test_suite
FNDA:1,__ztest_show_suite_summary_verbose
FNDA:10,run_test
FNDA:9,flush_log
FNDA:0,ztest_test_fail
FNDA:1,z_impl_ztest_run_test_suites
FNDA:10,ztest_find_test_suite
FNDA:1,__ztest_show_suite_summary
FNDA:10,run_test_functions
FNDA:0,ztest_test_pass
FNDA:0,ztest_test_skip
FNDA:1,ztest_verify_all_test_suites_ran
FNDA:10,get_final_test_result
FNDA:10,cleanup_test
FNDA:1,__ztest_init_unit_test_result_for_suite
FNDA:0,z_ztest_run_test_suite
FNF:27
FNH:20
BRDA:73,0,0,0
BRDA:73,0,1,1
BRDA:97,0,0,10
BRDA:97,0,1,0
BRDA:97,0,2,0
BRDA:97,0,3,10
BRDA:100,0,0,10
BRDA:100,0,1,0
BRDA:100,0,2,0
BRDA:100,0,3,10
BRDA:213,0,0,0
BRDA:213,0,1,20
BRDA:214,0,0,-
BRDA:214,0,1,-
BRDA:214,0,2,-
BRDA:214,0,3,-
BRDA:216,0,0,-
BRDA:216,0,1,-
BRDA:216,0,2,-
BRDA:216,0,3,-
BRDA:245,0,0,0
BRDA:245,0,1,10
BRDA:246,0,0,-
BRDA:246,0,1,-
BRDA:247,0,0,-
BRDA:247,0,1,-
BRDA:253,0,0,0
BRDA:253,0,1,10
BRDA:260,0,0,0
BRDA:260,0,1,10
BRDA:279,0,0,-
BRDA:279,0,1,-
BRDA:279,0,2,-
BRDA:279,0,3,-
BRDA:279,0,4,-
BRDA:279,0,5,-
BRDA:279,0,6,-
BRDA:329,0,0,-
BRDA:329,0,1,-
BRDA:329,0,2,-
BRDA:329,0,3,-
BRDA:348,0,0,-
BRDA:348,0,1,-
BRDA:358,0,0,-
BRDA:358,0,1,-
BRDA:374,0,0,-
BRDA:374,0,1,-
BRDA:374,0,2,-
BRDA:374,0,3,-
BRDA:398,0,0,0
BRDA:398,0,1,10
BRDA:403,0,0,0
BRDA:403,0,1,10
BRDA:408,0,0,0
BRDA:408,0,1,10
BRDA:413,0,0,0
BRDA:413,0,1,10
BRDA:419,0,0,0
BRDA:419,0,1,10
BRDA:424,0,0,0
BRDA:424,0,1,10
BRDA:430,0,0,10
BRDA:430,0,1,0
BRDA:431,0,0,0
BRDA:431,0,1,10
BRDA:441,0,0,0
BRDA:441,0,1,10
BRDA:441,0,2,0
BRDA:441,0,3,0
BRDA:644,0,0,10
BRDA:644,0,1,0
BRDA:645,0,0,10
BRDA:645,0,1,0
BRDA:655,0,0,40
BRDA:655,0,1,4
BRDA:657,0,0,40
BRDA:657,0,1,4
BRDA:658,0,0,40
BRDA:658,0,1,0
BRDA:699,0,0,0
BRDA:699,0,1,1
BRDA:705,0,0,0
BRDA:705,0,1,1
BRDA:720,0,0,0
BRDA:720,0,1,1
BRDA:724,0,0,1
BRDA:724,0,1,0
BRDA:724,0,2,0
BRDA:724,0,3,1
BRDA:728,0,0,1
BRDA:728,0,1,1
BRDA:763,0,0,10
BRDA:763,0,1,1
BRDA:764,0,0,10
BRDA:764,0,1,0
BRDA:767,0,0,10
BRDA:767,0,1,0
BRDA:769,0,0,-
BRDA:769,0,1,-
BRDA:771,0,0,-
BRDA:771,0,1,-
BRDA:775,0,0,0
BRDA:775,0,1,10
BRDA:780,0,0,0
BRDA:780,0,1,10
BRDA:786,0,0,1
BRDA:786,0,1,0
BRDA:786,0,2,0
BRDA:786,0,3,1
BRDA:791,0,0,1
BRDA:791,0,1,0
BRDA:793,0,0,0
BRDA:793,0,1,1
BRDA:813,0,0,10
BRDA:813,0,1,1
BRDA:849,0,0,10
BRDA:849,0,1,1
BRDA:852,0,0,0
BRDA:852,0,1,10
BRDA:854,0,0,10
BRDA:854,0,1,0
BRDA:861,0,0,0
BRDA:861,0,1,1
BRDA:872,0,0,0
BRDA:872,0,1,1
BRDA:897,0,0,10
BRDA:897,0,1,1
BRDA:898,0,0,0
BRDA:898,0,1,10
BRDA:900,0,0,10
BRDA:900,0,1,0
BRDA:912,0,0,4
BRDA:912,0,1,6
BRDA:934,0,0,1
BRDA:934,0,1,1
BRDA:948,0,0,1
BRDA:948,0,1,1
BRDA:949,0,0,1
BRDA:949,0,1,0
BRDA:955,0,0,0
BRDA:955,0,1,1
BRDA:968,0,0,0
BRDA:968,0,1,1
BRDA:990,0,0,1
BRDA:990,0,1,1
BRDA:995,0,0,0
BRDA:995,0,1,1
BRDA:1012,0,0,1
BRDA:1012,0,1,1
BRDA:1014,0,0,0
BRDA:1014,0,1,1
BRDA:1020,0,0,10
BRDA:1020,0,1,1
BRDA:1022,0,0,0
BRDA:1022,0,1,10
BRDA:1030,0,0,0
BRDA:1030,0,1,1
BRDA:1035,0,0,10
BRDA:1035,0,1,1
BRDA:1037,0,0,0
BRDA:1037,0,1,10
BRF:161
BRH:76
DA:70,1
DA:72,1
DA:73,1
DA:74,0
DA:76,1
DA:78,1
DA:80,10
DA:82,10
DA:85,10
DA:97,10
DA:98,0
DA:99,0
DA:100,10
DA:101,0
DA:102,0
DA:107,10
DA:210,20
DA:212,20
DA:213,20
DA:214,0
DA:215,0
DA:216,0
DA:217,0
DA:220,20
DA:222,10
DA:225,10
DA:226,10
DA:227,10
DA:239,10
DA:241,10
DA:243,10
DA:245,10
DA:246,0
DA:247,0
DA:248,0
DA:249,0
DA:253,10
DA:258,0
DA:260,10
DA:265,0
DA:268,10
DA:277,0
DA:279,0
DA:280,0
DA:281,0
DA:282,0
DA:283,0
DA:284,0
DA:285,0
DA:286,0
DA:287,0
DA:288,0
DA:289,0
DA:290,0
DA:291,0
DA:292,0
DA:293,0
DA:298,0
DA:301,0
DA:303,0
DA:304,0
DA:327,0
DA:329,0
DA:330,0
DA:331,0
DA:332,0
DA:333,0
DA:335,0
DA:336,0
DA:337,0
DA:340,0
DA:342,0
DA:344,0
DA:346,0
DA:348,0
DA:349,0
DA:351,0
DA:353,0
DA:356,0
DA:358,0
DA:359,0
DA:362,0
DA:363,0
DA:364,0
DA:366,0
DA:370,0
DA:372,0
DA:374,0
DA:375,0
DA:376,0
DA:377,0
DA:378,0
DA:380,0
DA:381,0
DA:382,0
DA:385,0
DA:387,0
DA:389,0
DA:391,10
DA:393,10
DA:395,10
DA:396,10
DA:398,10
DA:399,0
DA:400,0
DA:403,10
DA:404,0
DA:405,0
DA:408,10
DA:409,0
DA:410,0
DA:413,10
DA:414,0
DA:415,0
DA:418,10
DA:419,10
DA:420,0
DA:422,10
DA:423,10
DA:424,10
DA:425,0
DA:426,0
DA:429,10
DA:430,10
DA:431,10
DA:432,0
DA:434,10
DA:436,10
DA:437,10
DA:439,10
DA:440,10
DA:441,10
DA:442,0
DA:445,10
DA:640,10
DA:644,10
DA:645,10
DA:646,10
DA:650,0
DA:653,44
DA:655,44
DA:657,44
DA:658,40
DA:659,40
DA:662,4
DA:688,1
DA:690,1
DA:691,1
DA:692,1
DA:693,1
DA:699,1
DA:700,0
DA:701,0
DA:705,1
DA:706,0
DA:707,0
DA:708,0
DA:709,0
DA:715,1
DA:716,1
DA:717,1
DA:718,1
DA:720,1
DA:721,0
DA:724,1
DA:725,0
DA:728,2
DA:729,1
DA:763,11
DA:764,10
DA:765,10
DA:766,10
DA:767,10
DA:768,10
DA:769,0
DA:770,0
DA:771,0
DA:772,0
DA:775,10
DA:776,0
DA:780,10
DA:781,0
DA:786,1
DA:787,0
DA:791,1
DA:792,1
DA:793,1
DA:794,0
DA:797,1
DA:800,0
DA:802,0
DA:809,1
DA:811,1
DA:813,11
DA:814,10
DA:815,10
DA:816,10
DA:817,10
DA:818,10
DA:820,1
DA:822,9
DA:830,9
DA:833,9
DA:837,1
DA:839,1
DA:840,1
DA:841,1
DA:842,1
DA:843,1
DA:845,1
DA:846,1
DA:849,11
DA:850,10
DA:851,10
DA:852,10
DA:853,0
DA:854,10
DA:855,10
DA:857,0
DA:861,1
DA:862,0
DA:863,0
DA:865,1
DA:866,1
DA:867,1
DA:868,1
DA:869,1
DA:870,1
DA:871,1
DA:872,1
DA:873,0
DA:877,1
DA:884,1
DA:885,1
DA:887,1
DA:889,1
DA:890,1
DA:891,1
DA:897,11
DA:898,10
DA:899,0
DA:900,10
DA:901,10
DA:903,0
DA:906,10
DA:912,10
DA:914,4
DA:916,10
DA:918,1
DA:919,1
DA:922,1
DA:930,1
DA:931,1
DA:932,1
DA:933,1
DA:934,2
DA:936,1
DA:937,1
DA:939,1
DA:940,1
DA:943,1
DA:945,1
DA:946,1
DA:948,2
DA:949,1
DA:950,1
DA:951,1
DA:953,1
DA:954,1
DA:955,1
DA:957,0
DA:961,1
DA:964,1
DA:966,1
DA:968,1
DA:969,0
DA:989,1
DA:990,2
DA:991,1
DA:995,1
DA:997,0
DA:1002,1
DA:1005,1
DA:1007,1
DA:1012,2
DA:1013,1
DA:1014,1
DA:1015,0
DA:1016,0
DA:1020,11
DA:1021,10
DA:1022,10
DA:1023,0
DA:1026,0
DA:1030,1
DA:1031,0
DA:1035,11
DA:1036,10
DA:1037,10
DA:1038,0
DA:1039,0
DA:1042,1
DA:1044,1
DA:1046,1
DA:1048,1
DA:1050,1
DA:1051,1
DA:1054,1
DA:1056,1
DA:1057,1
DA:1058,1
DA:1060,1
LF:312
LH:191
end_of_record
