<testsuites><testsuite name="tests/unit/math_extras/utilities.math" time="0.02" timestamp="2023-04-22T23:43:23.634787" tests="10" failures="0" errors="0" skipped="0"><properties><property name="version" value="zephyr-v3.3.0-853-g419dda3ed72d" /><property name="platform" value="unit_testing" /><property name="architecture" value="unit" /></properties><testcase classname="utilities.math" name="utilities.math.portable_size_mul" time="0.00" /><testcase classname="utilities.math" name="utilities.math.size_mul" time="0.00"><skipped type="untested" message="No results captured, testsuite misconfiguration?" /></testcase><testcase classname="utilities.math" name="utilities.math.portable_u32_clz" time="0.00" /><testcase classname="utilities.math" name="utilities.math.portable_u32_ctz" time="0.00" /><testcase classname="utilities.math" name="utilities.math.u64_clz" time="0.00"><skipped type="untested" message="No results captured, testsuite misconfiguration?" /></testcase><testcase classname="utilities.math" name="utilities.math.u64_mul" time="0.00"><skipped type="untested" message="No results captured, testsuite misconfiguration?" /></testcase><testcase classname="utilities.math" name="utilities.math.portable_u64_clz" time="0.00" /><testcase classname="utilities.math" name="utilities.math.u64_ctz" time="0.00"><skipped type="untested" message="No results captured, testsuite misconfiguration?" /></testcase><testcase classname="utilities.math" name="utilities.math.u32_ctz" time="0.00"><skipped type="untested" message="No results captured, testsuite misconfiguration?" /></testcase><testcase classname="utilities.math" name="utilities.math.u32_clz" time="0.00"><skipped type="untested" message="No results captured, testsuite misconfiguration?" /></testcase><testcase classname="utilities.math" name="utilities.math.portable_u64_mul" time="0.00" /><testcase classname="utilities.math" name="utilities.math.u32_mul" time="0.00"><skipped type="untested" message="No results captured, testsuite misconfiguration?" /></testcase><testcase classname="utilities.math" name="utilities.math.size_add" time="0.00"><skipped type="untested" message="No results captured, testsuite misconfiguration?" /></testcase><testcase classname="utilities.math" name="utilities.math.portable_size_add" time="0.00" /><testcase classname="utilities.math" name="utilities.math.u64_add" time="0.00"><skipped type="untested" message="No results captured, testsuite misconfiguration?" /></testcase><testcase classname="utilities.math" name="utilities.math.u32_add" time="0.00"><skipped type="untested" message="No results captured, testsuite misconfiguration?" /></testcase><testcase classname="utilities.math" name="utilities.math.portable_u32_add" time="0.00" /><testcase classname="utilities.math" name="utilities.math.portable_u64_add" time="0.00" /><testcase classname="utilities.math" name="utilities.math.portable_u32_mul" time="0.00" /><testcase classname="utilities.math" name="utilities.math.portable_u64_ctz" time="0.00" /></testsuite></testsuites>